<?xml version="1.0" encoding="UTF-8"?>
<!-- Generated by org.testng.reporters.JUnitXMLReporter -->
<testsuite hostname="GSI-547563" name="decoryourdreamsTest" tests="3" failures="0" timestamp="30 Oct 2015 15:40:49 GMT" time="44.509" errors="0">
  <testcase name="checkSiteStatus" time="0.012" classname="com.decoryourdreams.DecoryOurDreamsTest"/>
  <testcase name="checkAllMenus" time="14.868" classname="com.decoryourdreams.DecoryOurDreamsTest"/>
  <testcase name="checkContactUsEmail" time="8.595" classname="com.decoryourdreams.DecoryOurDreamsTest"/>
</testsuite> <!-- decoryourdreamsTest -->
