<?xml version="1.0" encoding="UTF-8"?>
<testng-results skipped="0" failed="0" total="0" passed="0">
  <reporter-output>
  </reporter-output>
  <suite name="hms.store.webapp.commom.AppTest" duration-ms="2" started-at="2015-10-06T12:56:06Z" finished-at="2015-10-06T12:56:06Z">
    <groups>
    </groups>
    <test name="Command line test" duration-ms="2" started-at="2015-10-06T12:56:06Z" finished-at="2015-10-06T12:56:06Z">
    </test> <!-- Command line test -->
  </suite> <!-- hms.store.webapp.commom.AppTest -->
</testng-results>
